<?xml version="1.0" encoding="UTF-8"?>
<testng-results skipped="0" failed="0" ignored="0" total="1" passed="1">
  <reporter-output>
  </reporter-output>
  <suite name="Default suite" duration-ms="9573" started-at="2020-07-06T02:04:07Z" finished-at="2020-07-06T02:04:17Z">
    <groups>
    </groups>
    <test name="Default test" duration-ms="9573" started-at="2020-07-06T02:04:07Z" finished-at="2020-07-06T02:04:17Z">
      <class name="TestCases.LoginToFB">
        <test-method status="PASS" signature="reunBeforeEverything()[pri:0, instance:TestCases.LoginToFB@4f18837a]" name="reunBeforeEverything" is-config="true" duration-ms="190" started-at="2020-07-06T02:04:07Z" finished-at="2020-07-06T02:04:07Z">
          <reporter-output>
          </reporter-output>
        </test-method> <!-- reunBeforeEverything -->
        <test-method status="PASS" signature="initializeBrowser()[pri:0, instance:TestCases.LoginToFB@4f18837a]" name="initializeBrowser" is-config="true" duration-ms="6773" started-at="2020-07-06T02:04:07Z" finished-at="2020-07-06T02:04:14Z">
          <reporter-output>
          </reporter-output>
        </test-method> <!-- initializeBrowser -->
        <test-method status="PASS" signature="beforeMethod(java.lang.reflect.Method)[pri:0, instance:TestCases.LoginToFB@4f18837a]" name="beforeMethod" is-config="true" duration-ms="4" started-at="2020-07-06T02:04:14Z" finished-at="2020-07-06T02:04:14Z">
          <params>
            <param index="0">
              <value>
                <![CDATA[public void TestCases.LoginToFB.ValidLoginTOFB(java.lang.String,java.lang.String,java.lang.String)]]>
              </value>
            </param>
          </params>
          <reporter-output>
          </reporter-output>
        </test-method> <!-- beforeMethod -->
        <test-method status="PASS" signature="ValidLoginTOFB(java.lang.String, java.lang.String, java.lang.String)[pri:0, instance:TestCases.LoginToFB@4f18837a]" name="ValidLoginTOFB" duration-ms="777" started-at="2020-07-06T02:04:14Z" data-provider="FBLogin" finished-at="2020-07-06T02:04:15Z">
          <params>
            <param index="0">
              <value>
                <![CDATA[Y]]>
              </value>
            </param>
            <param index="1">
              <value>
                <![CDATA[jpreddy911@gmail.com]]>
              </value>
            </param>
            <param index="2">
              <value>
                <![CDATA[Kala@1234]]>
              </value>
            </param>
          </params>
          <reporter-output>
          </reporter-output>
        </test-method> <!-- ValidLoginTOFB -->
        <test-method status="PASS" signature="afterMethod(org.testng.ITestResult)[pri:0, instance:TestCases.LoginToFB@4f18837a]" name="afterMethod" is-config="true" duration-ms="1055" started-at="2020-07-06T02:04:15Z" finished-at="2020-07-06T02:04:16Z">
          <params>
            <param index="0">
              <value>
                <![CDATA[[TestResult name=ValidLoginTOFB status=SUCCESS method=LoginToFB.ValidLoginTOFB(java.lang.String, java.lang.String, java.lang.String)[pri:0, instance:TestCases.LoginToFB@4f18837a] output={null}]]]>
              </value>
            </param>
          </params>
          <reporter-output>
          </reporter-output>
        </test-method> <!-- afterMethod -->
        <test-method status="PASS" signature="afterClass()[pri:0, instance:TestCases.LoginToFB@4f18837a]" name="afterClass" is-config="true" duration-ms="894" started-at="2020-07-06T02:04:16Z" finished-at="2020-07-06T02:04:17Z">
          <reporter-output>
          </reporter-output>
        </test-method> <!-- afterClass -->
        <test-method status="PASS" signature="afterSuite()[pri:0, instance:TestCases.LoginToFB@4f18837a]" name="afterSuite" is-config="true" duration-ms="295" started-at="2020-07-06T02:04:17Z" finished-at="2020-07-06T02:04:17Z">
          <reporter-output>
          </reporter-output>
        </test-method> <!-- afterSuite -->
      </class> <!-- TestCases.LoginToFB -->
    </test> <!-- Default test -->
  </suite> <!-- Default suite -->
</testng-results>
