<?xml version="1.0" encoding="UTF-8"?>
<!-- Generated by org.testng.reporters.JUnitXMLReporter -->
<testsuite hostname="Lenovo-PC" ignored="0" name="ParallelTest" tests="4" failures="0" timestamp="07 Jul 2020 06:32:30 GMT" time="60.684" errors="0">
  <testcase name="LogoTest" time="46.524" classname="TestCases.ParallelTesting2"/>
  <testcase name="LogoTest" time="46.571" classname="TestCases.ParallelTesting"/>
  <testcase name="HomePageTitle" time="11.392" classname="TestCases.ParallelTesting"/>
  <testcase name="HomePageTitle" time="11.552" classname="TestCases.ParallelTesting2"/>
</testsuite> <!-- ParallelTest -->
